001 SPAM 0.9997566388468613654094626458
002 SPAM 0.9999994094620852294426462390
003 HAM 1.174056880899561462551097416E-30
004 SPAM 0.8967270754773254532986932482
005 HAM 9.544402006344989929048928342E-36
006 SPAM 0.9999991805273708399920201206
007 SPAM 0.9999788237328138123039334689
008 HAM 1.893700555593115397534827671E-92
009 HAM 1.344442304709800981722008298E-18
010 SPAM 0.9999999999999999981076079240
011 HAM 1.880936134410360763518970349E-25
012 HAM 5.647142278336328769052193861E-63
013 HAM 0.000005934189450179068863320620117
014 HAM 3.172222184857157494113692353E-66
015 HAM 0.002403806257984382794042698517
016 HAM 3.980563467640948501019005977E-24
017 HAM 5.691398010138125999390534396E-17
018 HAM 1.067531627938414344255402714E-9
019 SPAM 0.9748512215762209651833664453
020 HAM 0.04871296124961171575737623953
021 HAM 1.950633423083928692430818530E-18
022 HAM 4.160112372204157234776384899E-598
023 HAM 3.738204138326947799378537608E-26
024 HAM 0.4085344091963946133745732134
025 HAM 5.108007868436407501899083000E-60
026 HAM 0.0006082422353332895780652335289
027 HAM 2.661856228291685238781410511E-10
028 HAM 2.623243791289536699344186843E-32
029 HAM 0.01556141755214160063083694043
030 HAM 7.800522250535652628859578220E-40
031 HAM 2.904168735035733504401067143E-66
032 HAM 1.326135653519334983854825745E-9
033 SPAM 0.9998947223904919325248527720
034 HAM 0.03602935838556963151442443574
035 SPAM 0.9999999999659413427176425880
036 HAM 2.659695110260811572118759114E-22
037 HAM 4.671404863976074458020546424E-13
038 HAM 9.206713159957803433160823052E-45
039 HAM 1.430872535879445879512932016E-10
040 HAM 1.719624370279258200484068696E-31
041 SPAM 0.8744529714475163690123440621
042 HAM 1.916544594494688572458093443E-17
043 HAM 4.508235320430289230479160896E-29
044 HAM 3.246701281204305722496155701E-51
045 HAM 3.694737668907654362108774835E-15
046 HAM 0.003791758379471031071739448903
047 HAM 0.0001759794622417367469915225811
048 HAM 9.482974401405585514321408935E-26
049 SPAM 0.9986036627317455296877381155
050 HAM 0.00001643500884269797053189697062
051 HAM 2.723630621482451402221716065E-81
052 HAM 0.0001007313557852514001856495445
053 HAM 0.03613175700702265914656450987
054 SPAM 0.9303267330087190101416475532
055 HAM 0.000001281469025948054625691976540
056 HAM 0.1773539198051301204670000345
057 SPAM 0.9740850517069498135445704694
058 HAM 0.001124322326538042106709205081
059 HAM 0.009893754679719752194074648517
060 SPAM 0.9999999996455579402644394961
061 SPAM 0.9556415138650353582355718546
062 HAM 2.040278454415403447641261677E-110
063 HAM 5.433664075621193766815435685E-10
064 HAM 7.536762198062523444412469448E-16
065 SPAM 1
066 HAM 0.000001207467524336211744841964385
067 HAM 2.139123298792261503145442813E-44
068 HAM 0.00002159767889319696880113320595
069 SPAM 0.9999999999999999999999998836
070 HAM 5.249565492326455095888565961E-70
071 SPAM 0.9999828491725943016384657667
072 SPAM 1
073 HAM 0.01714042344907077812264003421
074 HAM 6.310320069450189360586272401E-24
075 HAM 1.584656788908855876218170239E-154
076 HAM 4.056796606854509151742394922E-54
077 HAM 1.093535306509845531750921487E-15
078 HAM 0.0002709666029315011592080306387
079 HAM 5.547878276170159862919848217E-53
080 HAM 1.175122010900458302609276859E-78
081 HAM 2.254458514823103595152244579E-50
082 SPAM 1
083 HAM 1.903667267349543224455509570E-18
084 HAM 3.452456608198580002619149512E-25
085 HAM 5.301712008642599002696826107E-24
086 HAM 0.000001358407292511227164391733611
087 SPAM 0.9999778637394136546296697562
088 HAM 8.224900984331881682950899368E-8
089 HAM 7.977777352321488881040729206E-23
090 HAM 8.728851219143444344574248798E-7
091 HAM 0.0001322432499982155134560202487
092 HAM 1.908363479704998745999252832E-31
093 HAM 9.522555157296073268042237739E-15
094 SPAM 1
095 SPAM 1
096 HAM 3.833104438316324349413732507E-12
097 HAM 2.099856000559642104869585452E-9
098 HAM 8.936343937081819803720245293E-7
099 HAM 3.121596582583234445846649042E-41
100 SPAM 0.9999770666969827128442110456

HAM
Dictionary Size: 2298
Total Number of Words: 14572

SPAM
Dictionary Size: 6881
Total Number of Words: 20403
