001 SPAM 0.9999999995583592006836821940
002 SPAM 0.9999999999943316582550337297
003 SPAM 1
004 SPAM 1
005 SPAM 0.9999881226509571891306680132
006 SPAM 0.9999999999999999999999999922
007 SPAM 1
008 SPAM 0.9999999999999999999999999979
009 SPAM 1
010 SPAM 1
011 SPAM 1
012 SPAM 0.9999999338027979188433249238
013 SPAM 1
014 SPAM 0.9999999999999999999999912383
015 SPAM 1
016 SPAM 0.9999999733132451103522698486
017 SPAM 0.9999999999887898113242504417
018 SPAM 1
019 SPAM 0.9999973884591363306076386615
020 SPAM 1
021 SPAM 1
022 SPAM 1
023 SPAM 1
024 SPAM 1
025 SPAM 0.9999999999999999999999928720
026 SPAM 0.9999999999997702216094602289
027 SPAM 1
028 SPAM 1
029 SPAM 0.9999999998906627681280754401
030 SPAM 0.9999900272321342670484657268
031 SPAM 0.9999999999998122178571317936
032 SPAM 1
033 SPAM 1
034 SPAM 1
035 SPAM 1
036 SPAM 1
037 SPAM 1
038 SPAM 1
039 SPAM 1
040 SPAM 1
041 SPAM 0.9999999925190214731114415130
042 SPAM 0.9999999998837795561627905870
043 SPAM 1
044 SPAM 1
045 SPAM 0.9999999949109666976810203693
046 SPAM 1
047 SPAM 1
048 SPAM 1
049 SPAM 0.9999999781010668717786733733
050 SPAM 1
051 SPAM 0.9999999997622463586204484828
052 SPAM 0.9999999136892656458203481895
053 SPAM 1
054 SPAM 1
055 SPAM 0.9999999999605658528170088136
056 SPAM 1
057 SPAM 1
058 SPAM 1
059 SPAM 1
060 SPAM 1
061 SPAM 1
062 SPAM 1
063 SPAM 1
064 SPAM 1
065 SPAM 1
066 SPAM 1
067 SPAM 1
068 SPAM 1
069 SPAM 0.9949410567042972447009056693
070 SPAM 1
071 SPAM 1
072 SPAM 1
073 SPAM 1
074 SPAM 0.9999999999999999999999998582
075 SPAM 1
076 SPAM 1
077 SPAM 0.9999950998161896709057045330
078 SPAM 0.9999999999999998762477799096
079 SPAM 0.9999999999999999995652833671
080 SPAM 0.9999998204637118753430209220
081 SPAM 1
082 SPAM 0.9999999999999999999999493443
083 SPAM 1
084 SPAM 0.9999999999999999999999988141
085 SPAM 0.9999999997909500513990561133
086 SPAM 0.9999999999851009312966880531
087 SPAM 1
088 SPAM 0.9999999999999999999999992438
089 SPAM 0.9999999998217322475355315894
090 SPAM 1
091 SPAM 1
092 SPAM 1
093 SPAM 0.9999999999995556589621021469
094 SPAM 1
095 SPAM 1
096 SPAM 0.9999999999999983189878546555
097 SPAM 1
098 SPAM 1
099 SPAM 0.9999996423048659264047622607
100 SPAM 1
101 SPAM 0.9999999999999999999999981975
102 SPAM 0.9999999999999999999999999107
103 SPAM 1
104 SPAM 0.9999999999999999258565532386
105 SPAM 0.9999999998705125080149418303
106 SPAM 1
107 SPAM 1
108 SPAM 1
109 SPAM 1
110 SPAM 0.9999995578994547470704343248
111 SPAM 1
112 SPAM 1
113 SPAM 0.9999001828433032361350788706
114 SPAM 0.9999999999999999075253881043
115 SPAM 0.9999998248922637484873942623
116 SPAM 1
117 SPAM 1
118 SPAM 0.9999999855378198708884589188
119 SPAM 1
120 SPAM 1
121 SPAM 1
122 SPAM 1
123 SPAM 1
124 SPAM 1
125 SPAM 1
126 SPAM 1
127 SPAM 1
128 SPAM 1
129 SPAM 1
130 SPAM 1
131 SPAM 1
132 SPAM 0.9999999999999842639621523664
133 SPAM 1
134 SPAM 0.9999999994404900825154471651
135 SPAM 1
136 SPAM 1
137 SPAM 0.9999999999991445859029425837
138 SPAM 1
139 SPAM 0.9999999943534572440392280015
140 SPAM 1
141 SPAM 1
142 SPAM 0.9999999999999997710064865102
143 SPAM 0.9999999999999999857810905073
144 SPAM 1
145 SPAM 0.9999999998990089974779211588
146 SPAM 1
147 SPAM 1
148 SPAM 1
149 SPAM 1
150 SPAM 0.9999999064403755874993517667
151 SPAM 0.9999999908214551172847634460
152 SPAM 1
153 SPAM 0.9999999999999997712062746946
154 SPAM 0.9999998062647291223819701659
155 SPAM 0.9999999999999999999999960080
156 SPAM 1
157 SPAM 1
158 SPAM 0.9999999999955907679142348187
159 SPAM 1
160 SPAM 0.9994235789582872167789806247
161 SPAM 0.9999999909159805187895885763
162 SPAM 1
163 SPAM 1
164 HAM 0.2119426278549429158614785266
165 SPAM 1
166 SPAM 1
167 SPAM 1
168 SPAM 1
169 SPAM 0.9999999999956162342459254419
170 SPAM 0.9999999721402420589377981006
171 SPAM 1
172 SPAM 1
173 SPAM 0.9999999999999999834711959201
174 SPAM 1
175 SPAM 1
176 SPAM 0.9999999999984352157903966372
177 SPAM 0.9999999999999999997311491568
178 SPAM 1
179 SPAM 1
180 SPAM 1
181 SPAM 1
182 SPAM 1
183 SPAM 0.9995165645246621113875445248
184 SPAM 1
185 SPAM 0.9999999906160829454365057857
186 SPAM 0.9999999693175116718815066445
187 SPAM 1
188 SPAM 1
189 SPAM 0.9999999997235529081947824294
190 SPAM 0.9999998796698732875553826391
191 SPAM 1
192 SPAM 0.9999999999999999899190827301
193 SPAM 1
194 SPAM 1
195 SPAM 1
196 SPAM 1
197 SPAM 1
198 SPAM 1
199 SPAM 1
200 SPAM 1
201 SPAM 1
202 SPAM 0.9999999999999999999998921785
203 SPAM 1
204 SPAM 1
205 SPAM 1
206 SPAM 1
207 SPAM 0.9999999988410693850759465181
208 SPAM 1
209 SPAM 1
210 SPAM 0.9999999999235007190704886784
211 SPAM 0.9999996829142487133188125296
212 SPAM 1
213 SPAM 1
214 SPAM 0.9999999999998436848329111009
215 SPAM 1
216 SPAM 1
217 SPAM 1
218 SPAM 0.9999994502977349809976460300
219 SPAM 0.9999929601904547365843023613
220 SPAM 1
221 SPAM 1
222 SPAM 1
223 SPAM 0.9999999998197331047303176968
224 SPAM 0.9999999999984641469969262278
225 SPAM 0.9999999999999999999752275398
226 HAM 0.02179576020683169284899012269
227 SPAM 1
228 SPAM 0.9999995112012247179329405961
229 SPAM 0.9999996704699191196088236298
230 SPAM 0.9999999999999019058988222624
231 SPAM 0.9999999961507928658827897468
232 SPAM 1
233 SPAM 1
234 SPAM 1
235 SPAM 1
236 SPAM 1
237 SPAM 1
238 SPAM 1
239 SPAM 1
240 SPAM 1
241 SPAM 1
242 SPAM 0.9999996216492034171564371487
243 SPAM 1
244 SPAM 0.9998159473129679879513927433
245 SPAM 0.9999999763779459789167167652
246 SPAM 0.9999999999999999999999999998
247 SPAM 1
248 SPAM 0.9999999999982315667119693238
249 SPAM 1
250 SPAM 1
251 SPAM 0.9999999999999953532775398098
252 SPAM 1
253 SPAM 1
254 SPAM 1
255 SPAM 1
256 SPAM 1
257 SPAM 1
258 SPAM 1
259 SPAM 0.9999999999999719949106775454
260 SPAM 0.9999999999961023306826679150
261 SPAM 0.9999999958630224574349040755
262 SPAM 1
263 HAM 0.1571556241351298109223968402
264 SPAM 0.9999999986952162951491182722
265 SPAM 0.9985662105225758657124403972
266 SPAM 0.9999999999999999999998462350
267 SPAM 1
268 SPAM 0.9999999454314121772791722125
269 SPAM 1
270 SPAM 0.9999999999999978617194899770
271 SPAM 1
272 SPAM 0.9999998935132248161371111452
273 SPAM 1
274 SPAM 1
275 SPAM 1
276 SPAM 1
277 SPAM 0.9999999999999999999806777637
278 SPAM 1
279 SPAM 0.9999999999999810715510734848
280 SPAM 1
281 SPAM 0.9999964211901820447526740948
282 SPAM 0.9999998965251234484448749887
283 SPAM 0.9999999984330596386435123855
284 SPAM 0.9999999999999999999974871033
285 SPAM 1
286 SPAM 0.9999999999916347744091686333
287 SPAM 1
288 SPAM 1
289 SPAM 1
290 SPAM 0.9999914121990610988151702686
291 SPAM 0.9999999999999961425418252579
292 SPAM 0.9999989023359764666973688087
293 SPAM 1
294 SPAM 1
295 SPAM 1
296 SPAM 1
297 SPAM 1
298 SPAM 1
299 SPAM 1
300 SPAM 0.9999999999999673418683383678

HAM
Dictionary Size: 11471
Total Number of Words: 83207

SPAM
Dictionary Size: 9073
Total Number of Words: 78893
