001 SPAM 1
002 SPAM 0.9999999999999999999999863871
003 HAM 8.358648988875978647433352828E-100
004 HAM 2.221240359315885406115308641E-40
005 HAM 1.716888248999201145604727736E-111
006 HAM 6.374230651562085380820044588E-54
007 HAM 1.310656739602248209898018014E-99
008 HAM 3.509821314282631164551950538E-49
009 SPAM 1
010 HAM 1.417975582144033310078950416E-53
011 HAM 1.324919887949897412139723172E-244
012 SPAM 1
013 SPAM 1
014 HAM 1.950044119034350394770477096E-290
015 HAM 2.086809142074335281337629782E-100
016 HAM 3.547763259782471175549023138E-122
017 SPAM 1
018 SPAM 0.9999999999999999999999943933
019 HAM 3.106636975203674203880077746E-71
020 SPAM 1
021 HAM 5.541012001046340232434618862E-84
022 HAM 8.573269138637171710272913397E-85
023 SPAM 1
024 HAM 6.094781435776819556851274181E-170
025 SPAM 1
026 SPAM 1
027 HAM 1.153538106683010610130784267E-82
028 SPAM 1
029 HAM 6.109878850636699979869511294E-84
030 SPAM 0.9999999999999999999992902463
031 SPAM 1
032 HAM 8.391616895225255312715635108E-124
033 HAM 2.425315161485636480360585599E-193
034 SPAM 1
035 HAM 1.121338168510764731204148376E-104
036 HAM 3.474310995124677407987396970E-114
037 SPAM 1
038 HAM 1.269255430408626488473520569E-98
039 SPAM 1
040 HAM 2.852097737640956151012368245E-253
041 HAM 6.883941309603403318753417816E-56
042 HAM 3.109435041042096460424736007E-75
043 SPAM 0.9999999999999986628383003023
044 SPAM 1
045 SPAM 1
046 SPAM 1
047 SPAM 0.9999999999999999999999985077
048 HAM 1.586602097845692896699994944E-64
049 SPAM 1
050 HAM 2.234973995540321693960657300E-125
051 HAM 1.914956499156748876144940719E-84
052 SPAM 1
053 SPAM 1
054 SPAM 1
055 SPAM 1
056 SPAM 1
057 HAM 1.783759144421457579148503540E-202
058 HAM 2.916265753635854795311939612E-46
059 SPAM 1
060 SPAM 1
061 SPAM 1
062 SPAM 1
063 HAM 1.761264045979848389945194322E-62
064 HAM 2.207881973125937392492155002E-90
065 SPAM 0.9999999999999999999999918011
066 SPAM 1
067 SPAM 1
068 HAM 1.602740146309991844990925593E-192
069 SPAM 1
070 HAM 8.981402019554617435603993789E-172
071 SPAM 1
072 HAM 2.357985381553530479664039658E-97
073 HAM 8.428551154067095526612430638E-157
074 SPAM 0.9999999999999999999999969168
075 SPAM 1
076 SPAM 1
077 HAM 2.286349472188701804156980120E-55
078 HAM 6.183931942780801429030338357E-70
079 HAM 9.674396712033649580184571428E-54
080 HAM 4.059153967519828792906184642E-42
081 SPAM 1
082 SPAM 1
083 HAM 3.413746553031363166747001174E-35
084 HAM 4.031615598247376661166560010E-187
085 SPAM 1
086 HAM 1.377350731349740756932709667E-231
087 SPAM 1
088 HAM 1.047188383574455715035074201E-159
089 SPAM 0.9999999999999999999999913416
090 HAM 9.557375320769558201710870128E-86
091 SPAM 1
092 SPAM 1
093 SPAM 1
094 HAM 4.667060511724933333978258744E-63
095 HAM 3.329546107415602907820291365E-69
096 HAM 5.409304604142392754117553514E-196
097 SPAM 0.9999999999999999999999767601
098 HAM 1.330061145363601218624665295E-79
099 SPAM 1
100 HAM 3.458824331850965482003482263E-45

HAM
Dictionary Size: 2593
Total Number of Words: 20552

SPAM
Dictionary Size: 5784
Total Number of Words: 22154
